#-----------------------------------------------------------
# Vivado v2018.3 (64-bit)
# SW Build 2405991 on Thu Dec  6 23:36:41 MST 2018
# IP Build 2404404 on Fri Dec  7 01:43:56 MST 2018
# Start of session at: Sat Nov  7 06:11:21 2020
# Process ID: 48565
# Current directory: /home/software/mtd-daq/btl-kcu105-ipbus
# Command line: vivado
# Log file: /home/software/mtd-daq/btl-kcu105-ipbus/vivado.log
# Journal file: /home/software/mtd-daq/btl-kcu105-ipbus/vivado.jou
#-----------------------------------------------------------
start_gui
open_project /home/alkozyre/cernbox/Alexey_BTL/lpgbt-2links-kcu105_320Mbps_Ver_Full_12/lpgbt-2links-kcu105_320Mbps_Ver_Full_12.xpr
ERROR: [Common 17-1294] Unable to create directory [/home/software/mtd-daq/btl-kcu105-ipbus/.Xil/Vivado-48565-ceacmsfw].
open_project /home/alkozyre/cernbox/Alexey_BTL/lpgbt-2links-kcu105_320Mbps_Ver_Full_12/lpgbt-2links-kcu105_320Mbps_Ver_Full_12.xpr
ERROR: [Common 17-1294] Unable to create directory [/home/software/mtd-daq/btl-kcu105-ipbus/.Xil/Vivado-48565-ceacmsfw].
open_project /home/alkozyre/cernbox/Alexey_BTL/lpgbt-2links-kcu105_320Mbps_Ver_Full_12/lpgbt-2links-kcu105_320Mbps_Ver_Full_12.xpr
ERROR: [Common 17-1294] Unable to create directory [/home/software/mtd-daq/btl-kcu105-ipbus/.Xil/Vivado-48565-ceacmsfw].
open_project /home/alkozyre/cernbox/Alexey_BTL/lpgbt-2links-kcu105_320Mbps_Ver_Full_11/lpgbt-2links-kcu105_320Mbps_Ver_Full_11.xpr
ERROR: [Common 17-1294] Unable to create directory [/home/software/mtd-daq/btl-kcu105-ipbus/.Xil/Vivado-48565-ceacmsfw].
exit
INFO: [Common 17-206] Exiting Vivado at Sat Nov  7 06:12:12 2020...
