#
# An unexpected error has occurred (11)
#
Stack:
/home/software/Xilinx/Vivado/2018.3/tps/lnx64/jre9.0.4/lib//server/libjvm.so(+0xb6aadb) [0x7fd881781adb]
/home/software/Xilinx/Vivado/2018.3/tps/lnx64/jre9.0.4/lib//server/libjvm.so(JVM_handle_linux_signal+0xbb) [0x7fd881786e1b]
/home/software/Xilinx/Vivado/2018.3/tps/lnx64/jre9.0.4/lib//server/libjvm.so(+0xb647b8) [0x7fd88177b7b8]
/usr/lib64/libc.so.6(+0x36340) [0x7fd8cb0bb340]
/home/software/Xilinx/Vivado/2018.3/lib/lnx64.o/librdi_wavedata.so(WVDAppInterface::WVDWindowManager::createWcfg(std::__cxx11::basic_string<char, std::char_traits<char>, std::allocator<char> > const&)+0x545) [0x7fd88e9676e5]
/home/software/Xilinx/Vivado/2018.3/lib/lnx64.o/librdi_wavedatatasks.so(WVWaveObjectOptionsImp::parseOptions()+0x241) [0x7fd83a297d51]
/home/software/Xilinx/Vivado/2018.3/lib/lnx64.o/librdi_wavedatatasks.so(+0xdf753) [0x7fd83a261753]
/home/software/Xilinx/Vivado/2018.3/lib/lnx64.o/librdi_common.so(+0x7ef352) [0x7fd8cc3e2352]
/home/software/Xilinx/Vivado/2018.3/lib/lnx64.o/libtcl8.5.so(+0x334af) [0x7fd8c65e34af]
/home/software/Xilinx/Vivado/2018.3/lib/lnx64.o/libtcl8.5.so(+0x76875) [0x7fd8c6626875]
/home/software/Xilinx/Vivado/2018.3/lib/lnx64.o/libtcl8.5.so(+0x7e029) [0x7fd8c662e029]
/home/software/Xilinx/Vivado/2018.3/lib/lnx64.o/libtcl8.5.so(TclEvalObjEx+0x76) [0x7fd8c65e5156]
/home/software/Xilinx/Vivado/2018.3/lib/lnx64.o/libtcl8.5.so(+0x3e754) [0x7fd8c65ee754]
/home/software/Xilinx/Vivado/2018.3/lib/lnx64.o/libtcl8.5.so(+0x334af) [0x7fd8c65e34af]
/home/software/Xilinx/Vivado/2018.3/lib/lnx64.o/libtcl8.5.so(+0x76875) [0x7fd8c6626875]
/home/software/Xilinx/Vivado/2018.3/lib/lnx64.o/libtcl8.5.so(+0x7e029) [0x7fd8c662e029]
/home/software/Xilinx/Vivado/2018.3/lib/lnx64.o/libtcl8.5.so(TclEvalObjEx+0x76) [0x7fd8c65e5156]
/home/software/Xilinx/Vivado/2018.3/lib/lnx64.o/libtcl8.5.so(+0x3e754) [0x7fd8c65ee754]
/home/software/Xilinx/Vivado/2018.3/lib/lnx64.o/libtcl8.5.so(+0x334af) [0x7fd8c65e34af]
/home/software/Xilinx/Vivado/2018.3/lib/lnx64.o/libtcl8.5.so(+0x34b38) [0x7fd8c65e4b38]
/home/software/Xilinx/Vivado/2018.3/lib/lnx64.o/libtcl8.5.so(Tcl_EvalEx+0x13) [0x7fd8c65e50a3]
/home/software/Xilinx/Vivado/2018.3/lib/lnx64.o/libtcl8.5.so(Tcl_FSEvalFileEx+0x1da) [0x7fd8c6649c5a]
/home/software/Xilinx/Vivado/2018.3/lib/lnx64.o/librdi_commontasks.so(+0x1f6abd) [0x7fd8bb177abd]
/home/software/Xilinx/Vivado/2018.3/lib/lnx64.o/librdi_common.so(+0x7ef352) [0x7fd8cc3e2352]
/home/software/Xilinx/Vivado/2018.3/lib/lnx64.o/libtcl8.5.so(+0x334af) [0x7fd8c65e34af]
/home/software/Xilinx/Vivado/2018.3/lib/lnx64.o/libtcl8.5.so(Tcl_EvalObjv+0x32) [0x7fd8c65e35e2]
/home/software/Xilinx/Vivado/2018.3/lib/lnx64.o/libtcl8.5.so(TclEvalObjEx+0x322) [0x7fd8c65e5402]
/home/software/Xilinx/Vivado/2018.3/lib/lnx64.o/librdi_common.so(hdi::tcltasks::task_manager::eval_in_tcl(Tcl_Interp*, Tcl_Obj*, char const*, bool)+0xab9) [0x7fd8cc3e4189]
/home/software/Xilinx/Vivado/2018.3/lib/lnx64.o/librdi_simtcltasks.so(RSTTclHelper::processTclbatchOption(hdi::tcltasks::task_options_base&, Tcl_Interp*)+0x114) [0x7fd838d01a04]
/home/software/Xilinx/Vivado/2018.3/lib/lnx64.o/librdi_simtcltasks.so(+0x1f62f9) [0x7fd838e382f9]
/home/software/Xilinx/Vivado/2018.3/lib/lnx64.o/librdi_common.so(+0x7ef352) [0x7fd8cc3e2352]
/home/software/Xilinx/Vivado/2018.3/lib/lnx64.o/libtcl8.5.so(+0x334af) [0x7fd8c65e34af]
/home/software/Xilinx/Vivado/2018.3/lib/lnx64.o/libtcl8.5.so(+0x76875) [0x7fd8c6626875]
/home/software/Xilinx/Vivado/2018.3/lib/lnx64.o/libtcl8.5.so(+0x7e029) [0x7fd8c662e029]
/home/software/Xilinx/Vivado/2018.3/lib/lnx64.o/libtcl8.5.so(TclEvalObjEx+0x76) [0x7fd8c65e5156]
/home/software/Xilinx/Vivado/2018.3/lib/lnx64.o/librdi_common.so(hdi::tcltasks::task_manager::eval_in_tcl(Tcl_Interp*, Tcl_Obj*, char const*, bool)+0xab9) [0x7fd8cc3e4189]
/home/software/Xilinx/Vivado/2018.3/lib/lnx64.o/librdi_common.so(hdi::tcltasks::task_manager::eval_in_tcl(Tcl_Interp*, char const*, char const*, bool)+0x12a) [0x7fd8cc3e4b8a]
/home/software/Xilinx/Vivado/2018.3/lib/lnx64.o/librdi_common.so(hdi::tcltasks::task_manager::eval_in_tcl_throw(Tcl_Interp*, char const*, char const*, bool)+0x10) [0x7fd8cc3e4cb0]
/home/software/Xilinx/Vivado/2018.3/lib/lnx64.o/librdi_simtcltasks.so(+0x1f1ce2) [0x7fd838e33ce2]
/home/software/Xilinx/Vivado/2018.3/lib/lnx64.o/librdi_common.so(+0x7ef352) [0x7fd8cc3e2352]
/home/software/Xilinx/Vivado/2018.3/lib/lnx64.o/libtcl8.5.so(+0x334af) [0x7fd8c65e34af]
/home/software/Xilinx/Vivado/2018.3/lib/lnx64.o/libtcl8.5.so(+0x76875) [0x7fd8c6626875]
/home/software/Xilinx/Vivado/2018.3/lib/lnx64.o/libtcl8.5.so(+0x7e029) [0x7fd8c662e029]
/home/software/Xilinx/Vivado/2018.3/lib/lnx64.o/libtcl8.5.so(TclEvalObjEx+0x76) [0x7fd8c65e5156]
/home/software/Xilinx/Vivado/2018.3/lib/lnx64.o/librdi_common.so(+0x7ed861) [0x7fd8cc3e0861]
/home/software/Xilinx/Vivado/2018.3/lib/lnx64.o/libtcl8.5.so(Tcl_ServiceEvent+0x7f) [0x7fd8c6657b0f]
/home/software/Xilinx/Vivado/2018.3/lib/lnx64.o/libtcl8.5.so(Tcl_DoOneEvent+0x154) [0x7fd8c6657e44]
/home/software/Xilinx/Vivado/2018.3/lib/lnx64.o/librdi_commontasks.so(+0x2207a5) [0x7fd8bb1a17a5]
/home/software/Xilinx/Vivado/2018.3/lib/lnx64.o/librdi_commontasks.so(+0x228733) [0x7fd8bb1a9733]
/home/software/Xilinx/Vivado/2018.3/lib/lnx64.o/librdi_commontasks.so(+0x2297ce) [0x7fd8bb1aa7ce]
/home/software/Xilinx/Vivado/2018.3/lib/lnx64.o/librdi_common.so(+0x7ef352) [0x7fd8cc3e2352]
/home/software/Xilinx/Vivado/2018.3/lib/lnx64.o/libtcl8.5.so(+0x334af) [0x7fd8c65e34af]
/home/software/Xilinx/Vivado/2018.3/lib/lnx64.o/libtcl8.5.so(+0x76875) [0x7fd8c6626875]
/home/software/Xilinx/Vivado/2018.3/lib/lnx64.o/libtcl8.5.so(+0x7e029) [0x7fd8c662e029]
/home/software/Xilinx/Vivado/2018.3/lib/lnx64.o/libtcl8.5.so(TclEvalObjEx+0x76) [0x7fd8c65e5156]
/home/software/Xilinx/Vivado/2018.3/lib/lnx64.o/librdi_commonmain.so(+0x7414) [0x7fd8cb9ef414]
/home/software/Xilinx/Vivado/2018.3/lib/lnx64.o/libtcl8.5.so(Tcl_Main+0x1d0) [0x7fd8c6650210]
/home/software/Xilinx/Vivado/2018.3/lib/lnx64.o/librdi_common.so(+0x83363b) [0x7fd8cc42663b]
/usr/lib64/libpthread.so.0(+0x7dd5) [0x7fd8cae70dd5]
/usr/lib64/libc.so.6(clone+0x6d) [0x7fd8cb18302d]
