Vivado Simulator 2018.3
Time resolution is 1 ps
Block Memory Generator module SCA_work_TB.PayLD.example.slave4.BRAM.inst.native_mem_module.blk_mem_gen_v8_4_2_inst is using a behavioral model for simulation which will not precisely model memory collision behavior.
Block Memory Generator module SCA_work_TB.PayLD.example.slave5.BRAM.inst.native_mem_module.blk_mem_gen_v8_4_2_inst is using a behavioral model for simulation which will not precisely model memory collision behavior.
Block Memory Generator module SCA_work_TB.PayLD.example.slave6.BRAM.inst.native_mem_module.blk_mem_gen_v8_4_2_inst is using a behavioral model for simulation which will not precisely model memory collision behavior.
Block Memory Generator module SCA_work_TB.PayLD.example.slave11.BRAM.inst.native_mem_module.blk_mem_gen_v8_4_2_inst is using a behavioral model for simulation which will not precisely model memory collision behavior.
Block Memory Generator module SCA_work_TB.PayLD.example.slave12.BRAM.inst.native_mem_module.blk_mem_gen_v8_4_2_inst is using a behavioral model for simulation which will not precisely model memory collision behavior.
Block Memory Generator module SCA_work_TB.PayLD.example.slave13.BRAM.inst.native_mem_module.blk_mem_gen_v8_4_2_inst is using a behavioral model for simulation which will not precisely model memory collision behavior.
Block Memory Generator module SCA_work_TB.PayLD.example.slave14.BRAM.inst.native_mem_module.blk_mem_gen_v8_4_2_inst is using a behavioral model for simulation which will not precisely model memory collision behavior.
blk_mem_gen_v8_4_2 collision detected at time: 177430, Instance: SCA_work_TB.PayLD.example.slave5.BRAM.inst.native_mem_module.blk_mem_gen_v8_4_2_inst, A read address: 0, B write address: 0
blk_mem_gen_v8_4_2 collision detected at time: 437360, Instance: SCA_work_TB.PayLD.example.slave12.BRAM.inst.native_mem_module.blk_mem_gen_v8_4_2_inst, A write address: 0, B  read address: 0
blk_mem_gen_v8_4_2 collision detected at time: 440484, Instance: SCA_work_TB.PayLD.example.slave12.BRAM.inst.native_mem_module.blk_mem_gen_v8_4_2_inst, A write address: 0, B  read address: 0
blk_mem_gen_v8_4_2 collision detected at time: 443608, Instance: SCA_work_TB.PayLD.example.slave12.BRAM.inst.native_mem_module.blk_mem_gen_v8_4_2_inst, A write address: 0, B  read address: 0
blk_mem_gen_v8_4_2 collision detected at time: 446732, Instance: SCA_work_TB.PayLD.example.slave12.BRAM.inst.native_mem_module.blk_mem_gen_v8_4_2_inst, A write address: 0, B  read address: 0
blk_mem_gen_v8_4_2 collision detected at time: 449856, Instance: SCA_work_TB.PayLD.example.slave12.BRAM.inst.native_mem_module.blk_mem_gen_v8_4_2_inst, A write address: 0, B  read address: 0
blk_mem_gen_v8_4_2 collision detected at time: 452980, Instance: SCA_work_TB.PayLD.example.slave12.BRAM.inst.native_mem_module.blk_mem_gen_v8_4_2_inst, A write address: 0, B  read address: 0
blk_mem_gen_v8_4_2 collision detected at time: 456104, Instance: SCA_work_TB.PayLD.example.slave12.BRAM.inst.native_mem_module.blk_mem_gen_v8_4_2_inst, A write address: 0, B  read address: 0
blk_mem_gen_v8_4_2 collision detected at time: 459228, Instance: SCA_work_TB.PayLD.example.slave12.BRAM.inst.native_mem_module.blk_mem_gen_v8_4_2_inst, A write address: 0, B  read address: 0
blk_mem_gen_v8_4_2 collision detected at time: 462352, Instance: SCA_work_TB.PayLD.example.slave12.BRAM.inst.native_mem_module.blk_mem_gen_v8_4_2_inst, A write address: 0, B  read address: 0
blk_mem_gen_v8_4_2 collision detected at time: 465476, Instance: SCA_work_TB.PayLD.example.slave12.BRAM.inst.native_mem_module.blk_mem_gen_v8_4_2_inst, A write address: 0, B  read address: 0
blk_mem_gen_v8_4_2 collision detected at time: 599808, Instance: SCA_work_TB.PayLD.example.slave13.BRAM.inst.native_mem_module.blk_mem_gen_v8_4_2_inst, A write address: 0, B  read address: 0
blk_mem_gen_v8_4_2 collision detected at time: 602932, Instance: SCA_work_TB.PayLD.example.slave13.BRAM.inst.native_mem_module.blk_mem_gen_v8_4_2_inst, A write address: 0, B  read address: 0
blk_mem_gen_v8_4_2 collision detected at time: 606056, Instance: SCA_work_TB.PayLD.example.slave13.BRAM.inst.native_mem_module.blk_mem_gen_v8_4_2_inst, A write address: 0, B  read address: 0
blk_mem_gen_v8_4_2 collision detected at time: 609180, Instance: SCA_work_TB.PayLD.example.slave13.BRAM.inst.native_mem_module.blk_mem_gen_v8_4_2_inst, A write address: 0, B  read address: 0
blk_mem_gen_v8_4_2 collision detected at time: 612304, Instance: SCA_work_TB.PayLD.example.slave13.BRAM.inst.native_mem_module.blk_mem_gen_v8_4_2_inst, A write address: 0, B  read address: 0
blk_mem_gen_v8_4_2 collision detected at time: 615428, Instance: SCA_work_TB.PayLD.example.slave13.BRAM.inst.native_mem_module.blk_mem_gen_v8_4_2_inst, A write address: 0, B  read address: 0
blk_mem_gen_v8_4_2 collision detected at time: 618552, Instance: SCA_work_TB.PayLD.example.slave13.BRAM.inst.native_mem_module.blk_mem_gen_v8_4_2_inst, A write address: 0, B  read address: 0
blk_mem_gen_v8_4_2 collision detected at time: 621676, Instance: SCA_work_TB.PayLD.example.slave13.BRAM.inst.native_mem_module.blk_mem_gen_v8_4_2_inst, A write address: 0, B  read address: 0
blk_mem_gen_v8_4_2 collision detected at time: 624800, Instance: SCA_work_TB.PayLD.example.slave13.BRAM.inst.native_mem_module.blk_mem_gen_v8_4_2_inst, A write address: 0, B  read address: 0
blk_mem_gen_v8_4_2 collision detected at time: 627924, Instance: SCA_work_TB.PayLD.example.slave13.BRAM.inst.native_mem_module.blk_mem_gen_v8_4_2_inst, A write address: 0, B  read address: 0
blk_mem_gen_v8_4_2 collision detected at time: 759132, Instance: SCA_work_TB.PayLD.example.slave14.BRAM.inst.native_mem_module.blk_mem_gen_v8_4_2_inst, A write address: 0, B  read address: 0
blk_mem_gen_v8_4_2 collision detected at time: 762256, Instance: SCA_work_TB.PayLD.example.slave14.BRAM.inst.native_mem_module.blk_mem_gen_v8_4_2_inst, A write address: 0, B  read address: 0
blk_mem_gen_v8_4_2 collision detected at time: 765380, Instance: SCA_work_TB.PayLD.example.slave14.BRAM.inst.native_mem_module.blk_mem_gen_v8_4_2_inst, A write address: 0, B  read address: 0
blk_mem_gen_v8_4_2 collision detected at time: 768504, Instance: SCA_work_TB.PayLD.example.slave14.BRAM.inst.native_mem_module.blk_mem_gen_v8_4_2_inst, A write address: 0, B  read address: 0
blk_mem_gen_v8_4_2 collision detected at time: 771628, Instance: SCA_work_TB.PayLD.example.slave14.BRAM.inst.native_mem_module.blk_mem_gen_v8_4_2_inst, A write address: 0, B  read address: 0
blk_mem_gen_v8_4_2 collision detected at time: 774752, Instance: SCA_work_TB.PayLD.example.slave14.BRAM.inst.native_mem_module.blk_mem_gen_v8_4_2_inst, A write address: 0, B  read address: 0
blk_mem_gen_v8_4_2 collision detected at time: 777876, Instance: SCA_work_TB.PayLD.example.slave14.BRAM.inst.native_mem_module.blk_mem_gen_v8_4_2_inst, A write address: 0, B  read address: 0
blk_mem_gen_v8_4_2 collision detected at time: 781000, Instance: SCA_work_TB.PayLD.example.slave14.BRAM.inst.native_mem_module.blk_mem_gen_v8_4_2_inst, A write address: 0, B  read address: 0
blk_mem_gen_v8_4_2 collision detected at time: 784124, Instance: SCA_work_TB.PayLD.example.slave14.BRAM.inst.native_mem_module.blk_mem_gen_v8_4_2_inst, A write address: 0, B  read address: 0
blk_mem_gen_v8_4_2 collision detected at time: 787248, Instance: SCA_work_TB.PayLD.example.slave14.BRAM.inst.native_mem_module.blk_mem_gen_v8_4_2_inst, A write address: 0, B  read address: 0
blk_mem_gen_v8_4_2 collision detected at time: 790372, Instance: SCA_work_TB.PayLD.example.slave14.BRAM.inst.native_mem_module.blk_mem_gen_v8_4_2_inst, A write address: 0, B  read address: 0
blk_mem_gen_v8_4_2 collision detected at time: 1177490, Instance: SCA_work_TB.PayLD.example.slave5.BRAM.inst.native_mem_module.blk_mem_gen_v8_4_2_inst, A read address: 0, B write address: 0
blk_mem_gen_v8_4_2 collision detected at time: 2725970, Instance: SCA_work_TB.PayLD.example.slave5.BRAM.inst.native_mem_module.blk_mem_gen_v8_4_2_inst, A read address: 0, B write address: 0
blk_mem_gen_v8_4_2 collision detected at time: 3177610, Instance: SCA_work_TB.PayLD.example.slave5.BRAM.inst.native_mem_module.blk_mem_gen_v8_4_2_inst, A read address: 1, B write address: 1
blk_mem_gen_v8_4_2 collision detected at time: 3726030, Instance: SCA_work_TB.PayLD.example.slave5.BRAM.inst.native_mem_module.blk_mem_gen_v8_4_2_inst, A read address: 0, B write address: 0
blk_mem_gen_v8_4_2 collision detected at time: 4726090, Instance: SCA_work_TB.PayLD.example.slave5.BRAM.inst.native_mem_module.blk_mem_gen_v8_4_2_inst, A read address: 0, B write address: 0
blk_mem_gen_v8_4_2 collision detected at time: 6274570, Instance: SCA_work_TB.PayLD.example.slave5.BRAM.inst.native_mem_module.blk_mem_gen_v8_4_2_inst, A read address: 0, B write address: 0
blk_mem_gen_v8_4_2 collision detected at time: 7274630, Instance: SCA_work_TB.PayLD.example.slave5.BRAM.inst.native_mem_module.blk_mem_gen_v8_4_2_inst, A read address: 0, B write address: 0
blk_mem_gen_v8_4_2 collision detected at time: 8274690, Instance: SCA_work_TB.PayLD.example.slave5.BRAM.inst.native_mem_module.blk_mem_gen_v8_4_2_inst, A read address: 0, B write address: 0
blk_mem_gen_v8_4_2 collision detected at time: 9274750, Instance: SCA_work_TB.PayLD.example.slave5.BRAM.inst.native_mem_module.blk_mem_gen_v8_4_2_inst, A read address: 0, B write address: 0
blk_mem_gen_v8_4_2 collision detected at time: 10178030, Instance: SCA_work_TB.PayLD.example.slave5.BRAM.inst.native_mem_module.blk_mem_gen_v8_4_2_inst, A read address: 0, B write address: 0
blk_mem_gen_v8_4_2 collision detected at time: 10726450, Instance: SCA_work_TB.PayLD.example.slave5.BRAM.inst.native_mem_module.blk_mem_gen_v8_4_2_inst, A read address: 0, B write address: 0
blk_mem_gen_v8_4_2 collision detected at time: 11242610, Instance: SCA_work_TB.PayLD.example.slave5.BRAM.inst.native_mem_module.blk_mem_gen_v8_4_2_inst, A read address: 5, B write address: 5
blk_mem_gen_v8_4_2 collision detected at time: 12726570, Instance: SCA_work_TB.PayLD.example.slave5.BRAM.inst.native_mem_module.blk_mem_gen_v8_4_2_inst, A read address: 0, B write address: 0
blk_mem_gen_v8_4_2 collision detected at time: 13726630, Instance: SCA_work_TB.PayLD.example.slave5.BRAM.inst.native_mem_module.blk_mem_gen_v8_4_2_inst, A read address: 0, B write address: 0
blk_mem_gen_v8_4_2 collision detected at time: 14178270, Instance: SCA_work_TB.PayLD.example.slave5.BRAM.inst.native_mem_module.blk_mem_gen_v8_4_2_inst, A read address: 1, B write address: 1
blk_mem_gen_v8_4_2 collision detected at time: 15275110, Instance: SCA_work_TB.PayLD.example.slave5.BRAM.inst.native_mem_module.blk_mem_gen_v8_4_2_inst, A read address: 0, B write address: 0
blk_mem_gen_v8_4_2 collision detected at time: 16275170, Instance: SCA_work_TB.PayLD.example.slave5.BRAM.inst.native_mem_module.blk_mem_gen_v8_4_2_inst, A read address: 0, B write address: 0
blk_mem_gen_v8_4_2 collision detected at time: 17275230, Instance: SCA_work_TB.PayLD.example.slave5.BRAM.inst.native_mem_module.blk_mem_gen_v8_4_2_inst, A read address: 0, B write address: 0
blk_mem_gen_v8_4_2 collision detected at time: 18275290, Instance: SCA_work_TB.PayLD.example.slave5.BRAM.inst.native_mem_module.blk_mem_gen_v8_4_2_inst, A read address: 0, B write address: 0
blk_mem_gen_v8_4_2 collision detected at time: 18823710, Instance: SCA_work_TB.PayLD.example.slave5.BRAM.inst.native_mem_module.blk_mem_gen_v8_4_2_inst, A read address: 0, B write address: 0
blk_mem_gen_v8_4_2 collision detected at time: 19952810, Instance: SCA_work_TB.PayLD.example.slave5.BRAM.inst.native_mem_module.blk_mem_gen_v8_4_2_inst, A read address: 0, B write address: 0
